<?xml version="1.0" encoding="UTF-8"?>
<!-- Generated by org.testng.reporters.JUnitReportReporter -->
<testsuite hostname="DESKTOP-HKHMGP7" name="gitTest.GitTest" tests="1" failures="0" timestamp="29 Jul 2019 05:10:36 GMT" time="13.684" errors="0">
  <testcase name="bing" time="13.684" classname="gitTest.GitTest"/>
</testsuite> <!-- gitTest.GitTest -->
